c:\users\nikola\desktop\fakultet ovo-ono\2. godina\objektno programiranje\vježba 3\vj3_zad6\vj3_zad6\debug\vc142.pdb
c:\users\nikola\desktop\fakultet ovo-ono\2. godina\objektno programiranje\vježba 3\vj3_zad6\vj3_zad6\debug\vc142.idb
c:\users\nikola\desktop\fakultet ovo-ono\2. godina\objektno programiranje\vježba 3\vj3_zad6\vj3_zad6\debug\vj3_zad6.obj
c:\users\nikola\desktop\fakultet ovo-ono\2. godina\objektno programiranje\vježba 3\vj3_zad6\vj3_zad6\debug\vectorfun.obj
c:\users\nikola\desktop\fakultet ovo-ono\2. godina\objektno programiranje\vježba 3\vj3_zad6\debug\vj3_zad6.pdb
c:\users\nikola\desktop\fakultet ovo-ono\2. godina\objektno programiranje\vježba 3\vj3_zad6\vj3_zad6\debug\vj3_zad6.tlog\cl.command.1.tlog
c:\users\nikola\desktop\fakultet ovo-ono\2. godina\objektno programiranje\vježba 3\vj3_zad6\vj3_zad6\debug\vj3_zad6.tlog\cl.read.1.tlog
c:\users\nikola\desktop\fakultet ovo-ono\2. godina\objektno programiranje\vježba 3\vj3_zad6\vj3_zad6\debug\vj3_zad6.tlog\cl.write.1.tlog
c:\users\nikola\desktop\fakultet ovo-ono\2. godina\objektno programiranje\vježba 3\vj3_zad6\vj3_zad6\debug\vj3_zad6.tlog\link-cvtres.read.1.tlog
c:\users\nikola\desktop\fakultet ovo-ono\2. godina\objektno programiranje\vježba 3\vj3_zad6\vj3_zad6\debug\vj3_zad6.tlog\link-cvtres.write.1.tlog
c:\users\nikola\desktop\fakultet ovo-ono\2. godina\objektno programiranje\vježba 3\vj3_zad6\vj3_zad6\debug\vj3_zad6.tlog\link-rc.read.1.tlog
c:\users\nikola\desktop\fakultet ovo-ono\2. godina\objektno programiranje\vježba 3\vj3_zad6\vj3_zad6\debug\vj3_zad6.tlog\link-rc.write.1.tlog
c:\users\nikola\desktop\fakultet ovo-ono\2. godina\objektno programiranje\vježba 3\vj3_zad6\vj3_zad6\debug\vj3_zad6.tlog\link.11792-cvtres.read.1.tlog
c:\users\nikola\desktop\fakultet ovo-ono\2. godina\objektno programiranje\vježba 3\vj3_zad6\vj3_zad6\debug\vj3_zad6.tlog\link.11792-cvtres.write.1.tlog
c:\users\nikola\desktop\fakultet ovo-ono\2. godina\objektno programiranje\vježba 3\vj3_zad6\vj3_zad6\debug\vj3_zad6.tlog\link.11792-rc.read.1.tlog
c:\users\nikola\desktop\fakultet ovo-ono\2. godina\objektno programiranje\vježba 3\vj3_zad6\vj3_zad6\debug\vj3_zad6.tlog\link.11792-rc.write.1.tlog
c:\users\nikola\desktop\fakultet ovo-ono\2. godina\objektno programiranje\vježba 3\vj3_zad6\vj3_zad6\debug\vj3_zad6.tlog\link.11792.read.1.tlog
c:\users\nikola\desktop\fakultet ovo-ono\2. godina\objektno programiranje\vježba 3\vj3_zad6\vj3_zad6\debug\vj3_zad6.tlog\link.11792.write.1.tlog
c:\users\nikola\desktop\fakultet ovo-ono\2. godina\objektno programiranje\vježba 3\vj3_zad6\vj3_zad6\debug\vj3_zad6.tlog\link.command.1.tlog
c:\users\nikola\desktop\fakultet ovo-ono\2. godina\objektno programiranje\vježba 3\vj3_zad6\vj3_zad6\debug\vj3_zad6.tlog\link.read.1.tlog
c:\users\nikola\desktop\fakultet ovo-ono\2. godina\objektno programiranje\vježba 3\vj3_zad6\vj3_zad6\debug\vj3_zad6.tlog\link.write.1.tlog
